2024-11-13 13:17:41,441 - __main__ - INFO - Starting training process...
2024-11-13 13:17:41,442 - src.trainer - INFO - Starting run_training...
2024-11-13 13:17:41,442 - src.trainer - INFO - Starting prepare_data...
2024-11-13 13:17:41,442 - src.trainer - INFO - Loading processed data...
2024-11-13 13:17:46,285 - src.data_processing - INFO - Successfully loaded processed data
2024-11-13 13:17:46,286 - src.trainer - INFO - Finished prepare_data in 4.84 seconds
2024-11-13 13:17:46,286 - src.trainer - INFO - Starting train_and_evaluate...
2024-11-13 13:17:46,286 - src.trainer - INFO - Preparing training features...
2024-11-13 13:17:46,286 - src.trainer - INFO - Generating features for 2014-12-18...
2024-11-13 13:17:50,139 - src.feature_engineering - INFO - Data time range: 2014-11-18 00:00:00 to 2014-12-18 23:00:00
2024-11-13 13:17:50,435 - src.feature_engineering - INFO - Generating features for 1-day window
2024-11-13 13:17:50,436 - src.feature_engineering - INFO - Window date range: 2014-12-17 00:00:00 to 2014-12-18 00:00:00
2024-11-13 13:17:50,436 - src.feature_engineering - INFO - Window data shape: (734520, 5)
2024-11-13 13:17:56,836 - src.feature_engineering - INFO - Current memory usage: 3384.82 MB
2024-11-13 13:18:07,772 - src.feature_engineering - INFO - Current memory usage: 3359.63 MB
2024-11-13 13:18:17,931 - src.feature_engineering - INFO - Current memory usage: 3359.63 MB
2024-11-13 13:18:28,042 - src.feature_engineering - INFO - Current memory usage: 3359.75 MB
2024-11-13 13:18:38,020 - src.feature_engineering - INFO - Current memory usage: 3362.25 MB
2024-11-13 13:18:48,223 - src.feature_engineering - INFO - Current memory usage: 3363.63 MB
2024-11-13 13:18:58,271 - src.feature_engineering - INFO - Current memory usage: 3368.13 MB
2024-11-13 13:19:08,150 - src.feature_engineering - INFO - Current memory usage: 3371.25 MB
2024-11-13 13:19:11,637 - src.feature_engineering - INFO - Current memory usage: 3371.25 MB
2024-11-13 13:19:16,603 - src.feature_engineering - INFO - Current memory usage: 3408.91 MB
2024-11-13 13:19:20,764 - src.feature_engineering - INFO - Current memory usage: 3408.91 MB
2024-11-13 13:19:24,924 - src.feature_engineering - INFO - Current memory usage: 3408.91 MB
2024-11-13 13:19:29,038 - src.feature_engineering - INFO - Current memory usage: 3408.91 MB
2024-11-13 13:19:33,171 - src.feature_engineering - INFO - Current memory usage: 3408.91 MB
2024-11-13 13:19:37,331 - src.feature_engineering - INFO - Current memory usage: 3408.91 MB
2024-11-13 13:19:41,480 - src.feature_engineering - INFO - Current memory usage: 3408.91 MB
2024-11-13 13:19:42,925 - src.feature_engineering - INFO - Current memory usage: 3408.91 MB
2024-11-13 13:19:43,135 - src.feature_engineering - INFO - Current memory usage: 3428.04 MB
2024-11-13 13:19:43,782 - src.feature_engineering - INFO - Generating features for 3-day window
2024-11-13 13:19:43,782 - src.feature_engineering - INFO - Window date range: 2014-12-15 00:00:00 to 2014-12-18 00:00:00
2024-11-13 13:19:43,783 - src.feature_engineering - INFO - Window data shape: (2249975, 5)
2024-11-13 13:19:55,360 - src.feature_engineering - INFO - Current memory usage: 3583.71 MB
2024-11-13 13:20:05,488 - src.feature_engineering - INFO - Current memory usage: 3514.95 MB
2024-11-13 13:20:15,480 - src.feature_engineering - INFO - Current memory usage: 3514.95 MB
2024-11-13 13:20:25,638 - src.feature_engineering - INFO - Current memory usage: 3514.95 MB
2024-11-13 13:20:35,487 - src.feature_engineering - INFO - Current memory usage: 3514.95 MB
2024-11-13 13:20:44,864 - src.feature_engineering - INFO - Current memory usage: 3514.95 MB
2024-11-13 13:20:54,307 - src.feature_engineering - INFO - Current memory usage: 3514.95 MB
2024-11-13 13:21:04,419 - src.feature_engineering - INFO - Current memory usage: 3514.95 MB
2024-11-13 13:21:14,187 - src.feature_engineering - INFO - Current memory usage: 3514.95 MB
2024-11-13 13:21:23,993 - src.feature_engineering - INFO - Current memory usage: 3514.95 MB
2024-11-13 13:21:33,711 - src.feature_engineering - INFO - Current memory usage: 3514.95 MB
2024-11-13 13:21:43,608 - src.feature_engineering - INFO - Current memory usage: 3514.95 MB
2024-11-13 13:21:53,728 - src.feature_engineering - INFO - Current memory usage: 3514.95 MB
2024-11-13 13:22:03,562 - src.feature_engineering - INFO - Current memory usage: 3514.95 MB
2024-11-13 13:22:13,642 - src.feature_engineering - INFO - Current memory usage: 3514.95 MB
2024-11-13 13:22:23,373 - src.feature_engineering - INFO - Current memory usage: 3514.95 MB
2024-11-13 13:22:33,088 - src.feature_engineering - INFO - Current memory usage: 3514.95 MB
2024-11-13 13:22:42,904 - src.feature_engineering - INFO - Current memory usage: 3514.95 MB
2024-11-13 13:22:52,747 - src.feature_engineering - INFO - Current memory usage: 3514.95 MB
2024-11-13 13:23:02,497 - src.feature_engineering - INFO - Current memory usage: 3514.95 MB
2024-11-13 13:23:12,356 - src.feature_engineering - INFO - Current memory usage: 3514.95 MB
2024-11-13 13:23:21,917 - src.feature_engineering - INFO - Current memory usage: 3514.95 MB
2024-11-13 13:23:31,775 - src.feature_engineering - INFO - Current memory usage: 3514.95 MB
2024-11-13 13:23:36,836 - src.feature_engineering - INFO - Current memory usage: 3514.95 MB
2024-11-13 13:23:42,231 - src.feature_engineering - INFO - Current memory usage: 3634.45 MB
2024-11-13 13:23:46,265 - src.feature_engineering - INFO - Current memory usage: 3634.45 MB
2024-11-13 13:23:50,236 - src.feature_engineering - INFO - Current memory usage: 3634.45 MB
2024-11-13 13:23:54,342 - src.feature_engineering - INFO - Current memory usage: 3634.45 MB
2024-11-13 13:23:58,357 - src.feature_engineering - INFO - Current memory usage: 3634.45 MB
2024-11-13 13:24:02,475 - src.feature_engineering - INFO - Current memory usage: 3634.45 MB
2024-11-13 13:24:06,537 - src.feature_engineering - INFO - Current memory usage: 3634.45 MB
2024-11-13 13:24:10,587 - src.feature_engineering - INFO - Current memory usage: 3634.45 MB
2024-11-13 13:24:14,702 - src.feature_engineering - INFO - Current memory usage: 3634.45 MB
2024-11-13 13:24:18,745 - src.feature_engineering - INFO - Current memory usage: 3634.45 MB
2024-11-13 13:24:22,867 - src.feature_engineering - INFO - Current memory usage: 3634.45 MB
2024-11-13 13:24:27,040 - src.feature_engineering - INFO - Current memory usage: 3634.45 MB
2024-11-13 13:24:31,115 - src.feature_engineering - INFO - Current memory usage: 3634.58 MB
2024-11-13 13:24:35,248 - src.feature_engineering - INFO - Current memory usage: 3634.58 MB
2024-11-13 13:24:39,211 - src.feature_engineering - INFO - Current memory usage: 3634.58 MB
2024-11-13 13:24:43,393 - src.feature_engineering - INFO - Current memory usage: 3634.58 MB
2024-11-13 13:24:47,441 - src.feature_engineering - INFO - Current memory usage: 3634.58 MB
2024-11-13 13:24:51,577 - src.feature_engineering - INFO - Current memory usage: 3634.58 MB
2024-11-13 13:24:55,646 - src.feature_engineering - INFO - Current memory usage: 3634.58 MB
2024-11-13 13:24:59,635 - src.feature_engineering - INFO - Current memory usage: 3634.58 MB
2024-11-13 13:25:03,639 - src.feature_engineering - INFO - Current memory usage: 3634.58 MB
2024-11-13 13:25:07,890 - src.feature_engineering - INFO - Current memory usage: 3634.58 MB
2024-11-13 13:25:10,041 - src.feature_engineering - INFO - Current memory usage: 3634.58 MB
2024-11-13 13:25:10,681 - src.feature_engineering - INFO - Current memory usage: 3677.55 MB
2024-11-13 13:25:11,666 - src.feature_engineering - INFO - Generating features for 7-day window
2024-11-13 13:25:11,666 - src.feature_engineering - INFO - Window date range: 2014-12-11 00:00:00 to 2014-12-18 00:00:00
2024-11-13 13:25:11,667 - src.feature_engineering - INFO - Window data shape: (6096232, 5)
2024-11-13 13:25:31,585 - src.feature_engineering - INFO - Current memory usage: 3856.79 MB
2024-11-13 13:25:41,765 - src.feature_engineering - INFO - Current memory usage: 3763.76 MB
2024-11-13 13:25:51,062 - src.feature_engineering - INFO - Current memory usage: 3763.76 MB
2024-11-13 13:26:00,139 - src.feature_engineering - INFO - Current memory usage: 3763.76 MB
2024-11-13 13:26:09,333 - src.feature_engineering - INFO - Current memory usage: 3763.76 MB
2024-11-13 13:26:19,014 - src.feature_engineering - INFO - Current memory usage: 3763.76 MB
2024-11-13 13:26:28,535 - src.feature_engineering - INFO - Current memory usage: 3763.76 MB
2024-11-13 13:26:37,867 - src.feature_engineering - INFO - Current memory usage: 3763.76 MB
2024-11-13 13:26:47,074 - src.feature_engineering - INFO - Current memory usage: 3763.76 MB
2024-11-13 13:26:56,619 - src.feature_engineering - INFO - Current memory usage: 3763.76 MB
2024-11-13 13:27:06,411 - src.feature_engineering - INFO - Current memory usage: 3763.76 MB
2024-11-13 13:27:16,439 - src.feature_engineering - INFO - Current memory usage: 3763.76 MB
2024-11-13 13:27:25,755 - src.feature_engineering - INFO - Current memory usage: 3763.76 MB
2024-11-13 13:27:35,039 - src.feature_engineering - INFO - Current memory usage: 3763.76 MB
2024-11-13 13:27:44,667 - src.feature_engineering - INFO - Current memory usage: 3763.76 MB
2024-11-13 13:27:54,033 - src.feature_engineering - INFO - Current memory usage: 3763.76 MB
2024-11-13 13:28:03,193 - src.feature_engineering - INFO - Current memory usage: 3763.76 MB
2024-11-13 13:28:12,619 - src.feature_engineering - INFO - Current memory usage: 3763.76 MB
2024-11-13 13:28:22,097 - src.feature_engineering - INFO - Current memory usage: 3763.76 MB
2024-11-13 13:28:31,466 - src.feature_engineering - INFO - Current memory usage: 3763.76 MB
2024-11-13 13:28:40,491 - src.feature_engineering - INFO - Current memory usage: 3763.76 MB
2024-11-13 13:28:49,687 - src.feature_engineering - INFO - Current memory usage: 3763.76 MB
2024-11-13 13:28:59,266 - src.feature_engineering - INFO - Current memory usage: 3763.76 MB
2024-11-13 13:29:08,643 - src.feature_engineering - INFO - Current memory usage: 3763.76 MB
2024-11-13 13:29:18,205 - src.feature_engineering - INFO - Current memory usage: 3763.76 MB
2024-11-13 13:29:27,251 - src.feature_engineering - INFO - Current memory usage: 3763.76 MB
2024-11-13 13:29:36,463 - src.feature_engineering - INFO - Current memory usage: 3763.76 MB
2024-11-13 13:29:45,534 - src.feature_engineering - INFO - Current memory usage: 3763.76 MB
2024-11-13 13:29:54,955 - src.feature_engineering - INFO - Current memory usage: 3763.76 MB
