2024-11-13 12:06:56,381 - __main__ - INFO - Starting training process...
2024-11-13 12:06:56,381 - src.trainer - INFO - Starting run_training...
2024-11-13 12:06:56,381 - src.trainer - INFO - Starting prepare_data...
2024-11-13 12:06:56,381 - src.trainer - INFO - Loading processed data...
2024-11-13 12:06:56,381 - src.data_processing - INFO - Some processed files missing, starting reprocessing...
2024-11-13 12:06:56,381 - src.data_processing - INFO - Starting complete data processing...
2024-11-13 12:06:56,381 - src.data_processing - INFO - Loading raw data...
2024-11-13 12:07:14,915 - src.data_processing - INFO - Loaded 23291027 user records and 620918 item records
2024-11-13 12:07:14,916 - src.data_processing - INFO - Preprocessing data...
2024-11-13 12:07:36,115 - src.data_processing - INFO - Data preprocessing completed
2024-11-13 12:07:36,116 - src.data_processing - INFO - Available columns in user_data: ['user_id', 'item_id', 'behavior_type', 'user_geohash', 'category', 'time', 'user_id_encoded', 'item_id_encoded', 'category_encoded']
2024-11-13 12:07:47,728 - src.data_processing - INFO - Saved processed data to data/processed
2024-11-13 12:07:47,729 - src.trainer - INFO - Finished prepare_data in 51.35 seconds
2024-11-13 12:07:47,729 - src.trainer - INFO - Starting train_and_evaluate...
2024-11-13 12:07:47,729 - src.trainer - INFO - Preparing training features...
2024-11-13 12:07:47,729 - src.trainer - INFO - Generating features for 2014-12-18...
2024-11-13 12:07:50,940 - src.feature_engineering - INFO - Data time range: 2014-11-18 00:00:00 to 2014-12-18 23:00:00
2024-11-13 12:07:51,176 - src.feature_engineering - INFO - Generating features for 1-day window
2024-11-13 12:07:51,177 - src.feature_engineering - INFO - Window date range: 2014-12-17 00:00:00 to 2014-12-18 00:00:00
2024-11-13 12:07:51,177 - src.feature_engineering - INFO - Window data shape: (734520, 5)
2024-11-13 12:07:57,793 - src.feature_engineering - INFO - Current memory usage: 3385.93 MB
2024-11-13 12:08:08,458 - src.feature_engineering - INFO - Current memory usage: 3363.55 MB
2024-11-13 12:08:18,679 - src.feature_engineering - INFO - Current memory usage: 3363.67 MB
2024-11-13 12:08:28,693 - src.feature_engineering - INFO - Current memory usage: 3363.67 MB
2024-11-13 12:08:38,818 - src.feature_engineering - INFO - Current memory usage: 3363.67 MB
2024-11-13 12:08:48,951 - src.feature_engineering - INFO - Current memory usage: 3366.17 MB
2024-11-13 12:08:59,289 - src.feature_engineering - INFO - Current memory usage: 3367.42 MB
2024-11-13 12:09:09,247 - src.feature_engineering - INFO - Current memory usage: 3370.17 MB
2024-11-13 12:09:12,849 - src.feature_engineering - INFO - Current memory usage: 3370.17 MB
2024-11-13 12:09:18,025 - src.feature_engineering - INFO - Current memory usage: 3408.16 MB
2024-11-13 12:09:22,329 - src.feature_engineering - INFO - Current memory usage: 3408.16 MB
2024-11-13 12:09:26,648 - src.feature_engineering - INFO - Current memory usage: 3408.16 MB
2024-11-13 12:09:30,919 - src.feature_engineering - INFO - Current memory usage: 3408.16 MB
2024-11-13 12:09:35,146 - src.feature_engineering - INFO - Current memory usage: 3408.16 MB
2024-11-13 12:09:39,476 - src.feature_engineering - INFO - Current memory usage: 3408.16 MB
2024-11-13 12:09:43,679 - src.feature_engineering - INFO - Current memory usage: 3408.16 MB
2024-11-13 12:09:45,170 - src.feature_engineering - INFO - Current memory usage: 3408.16 MB
2024-11-13 12:09:45,429 - src.feature_engineering - INFO - Current memory usage: 3429.66 MB
2024-11-13 12:09:45,827 - src.feature_engineering - INFO - Generating features for 3-day window
2024-11-13 12:09:45,827 - src.feature_engineering - INFO - Window date range: 2014-12-15 00:00:00 to 2014-12-18 00:00:00
2024-11-13 12:09:45,827 - src.feature_engineering - INFO - Window data shape: (2249975, 5)
2024-11-13 12:09:57,872 - src.feature_engineering - INFO - Current memory usage: 3585.32 MB
2024-11-13 12:10:08,371 - src.feature_engineering - INFO - Current memory usage: 3516.57 MB
2024-11-13 12:10:18,482 - src.feature_engineering - INFO - Current memory usage: 3516.57 MB
2024-11-13 12:10:28,515 - src.feature_engineering - INFO - Current memory usage: 3516.57 MB
2024-11-13 12:10:38,652 - src.feature_engineering - INFO - Current memory usage: 3516.57 MB
2024-11-13 12:10:48,586 - src.feature_engineering - INFO - Current memory usage: 3516.57 MB
2024-11-13 12:10:58,456 - src.feature_engineering - INFO - Current memory usage: 3516.57 MB
2024-11-13 12:11:08,691 - src.feature_engineering - INFO - Current memory usage: 3516.57 MB
2024-11-13 12:11:18,414 - src.feature_engineering - INFO - Current memory usage: 3516.57 MB
2024-11-13 12:11:28,153 - src.feature_engineering - INFO - Current memory usage: 3516.57 MB
